<?xml version="1.0" encoding="UTF-8"?>
<!-- Generated by org.testng.reporters.JUnitReportReporter -->
<testsuite hostname="DESKTOP-16L34SG" failures="0" tests="1" name="TestNgproject.Demologin" time="12.401" errors="0" timestamp="2024-02-19T18:04:01 IST" skipped="0">
  <testcase classname="TestNgproject.Demologin" name="verifylogin" time="12.401"/>
</testsuite> <!-- TestNgproject.Demologin -->
