<?xml version="1.0" encoding="UTF-8"?>
<!-- Generated by org.testng.reporters.JUnitReportReporter -->
<testsuite hostname="DESKTOP-16L34SG" failures="0" tests="2" name="TestNgproject.testngxml" time="0.451" errors="0" timestamp="2024-03-25T12:21:35 IST" skipped="0">
  <testcase classname="TestNgproject.testngxml" name="singleuserxml" time="0.193"/>
  <testcase classname="TestNgproject.testngxml" name="getuserxml" time="0.258"/>
</testsuite> <!-- TestNgproject.testngxml -->
