<?xml version="1.0" encoding="UTF-8"?>
<!-- Generated by org.testng.reporters.JUnitReportReporter -->
<testsuite hostname="DESKTOP-16L34SG" failures="0" tests="2" name="TestNgproject.objectdatacheck" time="0.019" errors="0" timestamp="2024-02-14T11:20:56 IST" skipped="0">
  <testcase classname="TestNgproject.objectdatacheck" name="sample" time="0.016"/>
  <testcase classname="TestNgproject.objectdatacheck" name="sample" time="0.003"/>
</testsuite> <!-- TestNgproject.objectdatacheck -->
