<?xml version="1.0" encoding="UTF-8"?>
<!-- Generated by org.testng.reporters.JUnitReportReporter -->
<testsuite hostname="DESKTOP-16L34SG" failures="0" tests="1" name="TestNgproject.testngparameters" time="11.869" errors="0" timestamp="2024-02-09T14:26:15 IST" skipped="0">
  <testcase classname="TestNgproject.testngparameters" name="verifylogin" time="11.869"/>
</testsuite> <!-- TestNgproject.testngparameters -->
