<?xml version="1.0" encoding="UTF-8"?>
<!-- Generated by org.testng.reporters.JUnitReportReporter -->
<testsuite hostname="DESKTOP-16L34SG" failures="0" tests="5" name="TestNgproject.Demo" time="0.048" errors="0" timestamp="2024-04-24T23:21:55 IST" skipped="0">
  <testcase classname="TestNgproject.Demo" name="sample" time="0.003"/>
  <testcase classname="TestNgproject.Demo" name="sample" time="0.021"/>
  <testcase classname="TestNgproject.Demo" name="sample" time="0.010"/>
  <testcase classname="TestNgproject.Demo" name="sample" time="0.009"/>
  <testcase classname="TestNgproject.Demo" name="sample" time="0.005"/>
</testsuite> <!-- TestNgproject.Demo -->
