<?xml version="1.0" encoding="UTF-8"?>
<!-- Generated by org.testng.reporters.JUnitReportReporter -->
<testsuite hostname="DESKTOP-16L34SG" failures="0" tests="2" name="TestNgproject.practicedatadriven" time="17.595" errors="0" timestamp="2024-02-14T23:41:39 IST" skipped="0">
  <testcase classname="TestNgproject.practicedatadriven" name="verifylogin" time="9.177"/>
  <testcase classname="TestNgproject.practicedatadriven" name="verifylogin" time="8.418"/>
</testsuite> <!-- TestNgproject.practicedatadriven -->
