<?xml version="1.0" encoding="UTF-8"?>
<!-- Generated by org.testng.reporters.JUnitReportReporter -->
<testsuite hostname="DESKTOP-16L34SG" failures="0" tests="1" name="TestNgproject.testapi" time="4.402" errors="0" timestamp="2024-03-25T12:21:35 IST" skipped="0">
  <testcase classname="TestNgproject.testapi" name="getuser" time="4.402"/>
</testsuite> <!-- TestNgproject.testapi -->
