<?xml version="1.0" encoding="UTF-8"?>
<!-- Generated by org.testng.reporters.JUnitReportReporter -->
<testsuite hostname="DESKTOP-16L34SG" failures="0" tests="2" name="TestNgproject.excelusingdatadriven" time="70.620" errors="0" timestamp="2024-03-16T11:06:37 IST" skipped="0">
  <testcase classname="TestNgproject.excelusingdatadriven" name="verifylogin" time="14.883"/>
  <testcase classname="TestNgproject.excelusingdatadriven" name="verifylogin" time="55.737"/>
</testsuite> <!-- TestNgproject.excelusingdatadriven -->
