<?xml version="1.0" encoding="UTF-8"?>
<!-- Generated by org.testng.reporters.JUnitReportReporter -->
<testsuite hostname="DESKTOP-16L34SG" failures="0" tests="2" name="TestNgproject.testngannotations" time="15.977" errors="0" timestamp="2024-02-09T12:08:50 IST" skipped="0">
  <testcase classname="TestNgproject.testngannotations" name="verifyUserLoginWithValidCredentials" time="6.584"/>
  <testcase classname="TestNgproject.testngannotations" name="verifyUserLoginWithinValidCredentials" time="9.393"/>
</testsuite> <!-- TestNgproject.testngannotations -->
