<?xml version="1.0" encoding="UTF-8"?>
<!-- Generated by org.testng.reporters.JUnitReportReporter -->
<testsuite hostname="DESKTOP-16L34SG" failures="0" tests="1" name="TestNgproject.Autoclass" time="0.002" errors="0" timestamp="2024-03-25T12:21:35 IST" skipped="0">
  <testcase classname="TestNgproject.Autoclass" name="sampleone" time="0.002"/>
</testsuite> <!-- TestNgproject.Autoclass -->
