<?xml version="1.0" encoding="UTF-8"?>
<!-- Generated by org.testng.reporters.JUnitReportReporter -->
<testsuite hostname="DESKTOP-16L34SG" failures="0" tests="5" name="TestNgproject.listenersdemo" time="0.057" errors="0" timestamp="2024-02-21T17:39:25 IST" skipped="0">
  <testcase classname="TestNgproject.listenersdemo" name="sample" time="0.008"/>
  <testcase classname="TestNgproject.listenersdemo" name="sample" time="0.012"/>
  <testcase classname="TestNgproject.listenersdemo" name="sample" time="0.008"/>
  <testcase classname="TestNgproject.listenersdemo" name="sample" time="0.006"/>
  <testcase classname="TestNgproject.listenersdemo" name="sample" time="0.023"/>
</testsuite> <!-- TestNgproject.listenersdemo -->
