<?xml version="1.0" encoding="UTF-8"?>
<!-- Generated by org.testng.reporters.JUnitReportReporter -->
<testsuite hostname="DESKTOP-16L34SG" failures="0" tests="2" name="TestNgproject.datadriven" time="19.797" errors="0" timestamp="2024-02-14T17:33:52 IST" skipped="0">
  <testcase classname="TestNgproject.datadriven" name="verifylogin" time="7.694"/>
  <testcase classname="TestNgproject.datadriven" name="verifylogin" time="12.103"/>
</testsuite> <!-- TestNgproject.datadriven -->
